<?xml version="1.0" encoding="UTF-8"?>
<testng-results ignored="0" total="1" passed="1" failed="0" skipped="0">
  <reporter-output>
  </reporter-output>
  <suite started-at="2022-11-25T18:34:50 PKT" name="Suite" finished-at="2022-11-25T18:35:18 PKT" duration-ms="27535">
    <groups>
      <group name="cucumber">
        <method signature="AbstractTestNGCucumberTests.runScenario(io.cucumber.testng.PickleWrapper,io.cucumber.testng.FeatureWrapper)[pri:0, instance:com.DM8.Runnerfiles.TestRunner@149dd36b]" name="runScenario" class="io.cucumber.testng.AbstractTestNGCucumberTests"/>
      </group> <!-- cucumber -->
    </groups>
    <test started-at="2022-11-25T18:34:50 PKT" name="Test" finished-at="2022-11-25T18:35:18 PKT" duration-ms="27535">
      <class name="com.DM8.Runnerfiles.TestRunner">
        <test-method is-config="true" signature="setUpClass(org.testng.ITestContext)[pri:0, instance:com.DM8.Runnerfiles.TestRunner@149dd36b]" started-at="2022-11-25T18:34:50 PKT" name="setUpClass" finished-at="2022-11-25T18:34:51 PKT" duration-ms="425" status="PASS">
          <params>
            <param index="0">
              <value>
                <![CDATA[org.testng.TestRunner@632d4cf2]]>
              </value>
            </param>
          </params>
          <reporter-output>
          </reporter-output>
        </test-method> <!-- setUpClass -->
        <test-method signature="runScenario(io.cucumber.testng.PickleWrapper,io.cucumber.testng.FeatureWrapper)[pri:0, instance:com.DM8.Runnerfiles.TestRunner@149dd36b]" started-at="2022-11-25T18:34:51 PKT" name="runScenario" description="Runs Cucumber Scenarios" data-provider="scenarios" finished-at="2022-11-25T18:35:18 PKT" duration-ms="26758" status="PASS">
          <params>
            <param index="0">
              <value>
                <![CDATA["Location permission & Splashes Screens movement"]]>
              </value>
            </param>
            <param index="1">
              <value>
                <![CDATA["Splashes Screen Movements & Device Permissions Allocation"]]>
              </value>
            </param>
          </params>
          <reporter-output>
          </reporter-output>
        </test-method> <!-- runScenario -->
        <test-method is-config="true" signature="tearDownClass()[pri:0, instance:com.DM8.Runnerfiles.TestRunner@149dd36b]" started-at="2022-11-25T18:35:18 PKT" name="tearDownClass" finished-at="2022-11-25T18:35:18 PKT" duration-ms="318" status="PASS">
          <reporter-output>
          </reporter-output>
        </test-method> <!-- tearDownClass -->
      </class> <!-- com.DM8.Runnerfiles.TestRunner -->
    </test> <!-- Test -->
  </suite> <!-- Suite -->
</testng-results>
